[0m18:25:17.926612 [debug] [MainThread]: Sending event: {'category': 'dbt', 'action': 'invocation', 'label': 'start', 'context': [<snowplow_tracker.self_describing_json.SelfDescribingJson object at 0x00000195A3B53F50>, <snowplow_tracker.self_describing_json.SelfDescribingJson object at 0x00000195A15B8740>, <snowplow_tracker.self_describing_json.SelfDescribingJson object at 0x00000195A4208E60>]}


============================== 18:25:17.926612 | 849111a7-ac48-4d88-a236-b1cf960ab4d9 ==============================
[0m18:25:17.926612 [info ] [MainThread]: Running with dbt=1.9.6
[0m18:25:17.942253 [debug] [MainThread]: running dbt with arguments {'printer_width': '80', 'indirect_selection': 'eager', 'write_json': 'True', 'log_cache_events': 'False', 'partial_parse': 'True', 'cache_selected_only': 'False', 'warn_error': 'None', 'version_check': 'True', 'fail_fast': 'False', 'log_path': 'logs', 'debug': 'False', 'profiles_dir': 'C:\\Users\\Talha Zafar\\.dbt', 'use_colors': 'True', 'use_experimental_parser': 'False', 'empty': 'None', 'quiet': 'False', 'no_print': 'None', 'warn_error_options': 'WarnErrorOptions(include=[], exclude=[])', 'introspect': 'True', 'static_parser': 'True', 'invocation_command': 'dbt init ecommerce_dbt', 'target_path': 'None', 'log_format': 'default', 'send_anonymous_usage_stats': 'True'}
[0m18:25:18.006710 [debug] [MainThread]: Starter project path: D:\Softwares\Anaconda\Lib\site-packages\dbt\include\starter_project
[0m18:25:18.053575 [info ] [MainThread]: 
Your new dbt project "ecommerce_dbt" was created!

For more information on how to configure the profiles.yml file,
please consult the dbt documentation here:

  https://docs.getdbt.com/docs/configure-your-profile

One more thing:

Need help? Don't hesitate to reach out to us via GitHub issues or on Slack:

  https://community.getdbt.com/

Happy modeling!

[0m18:25:18.069202 [info ] [MainThread]: Setting up your profile.
[0m18:26:05.794310 [info ] [MainThread]: Profile ecommerce_dbt written to C:\Users\Talha Zafar\.dbt\profiles.yml using target's profile_template.yml and your supplied values. Run 'dbt debug' to validate the connection.
[0m18:26:05.794310 [debug] [MainThread]: Command `dbt init` succeeded at 18:26:05.794310 after 48.33 seconds
[0m18:26:05.794310 [debug] [MainThread]: Sending event: {'category': 'dbt', 'action': 'invocation', 'label': 'end', 'context': [<snowplow_tracker.self_describing_json.SelfDescribingJson object at 0x00000195A3311BE0>, <snowplow_tracker.self_describing_json.SelfDescribingJson object at 0x00000195A3A8F980>, <snowplow_tracker.self_describing_json.SelfDescribingJson object at 0x00000195A3A8CD40>]}
[0m18:26:05.794310 [debug] [MainThread]: Flushing usage events
[0m18:26:06.596529 [debug] [MainThread]: An error was encountered while trying to flush usage events
[0m18:29:08.124495 [debug] [MainThread]: Sending event: {'category': 'dbt', 'action': 'invocation', 'label': 'start', 'context': [<snowplow_tracker.self_describing_json.SelfDescribingJson object at 0x0000017F3B8A3050>, <snowplow_tracker.self_describing_json.SelfDescribingJson object at 0x0000017F3B8A21B0>, <snowplow_tracker.self_describing_json.SelfDescribingJson object at 0x0000017F3B8A0F20>]}


============================== 18:29:08.124495 | f1fa971d-29a6-470f-81cc-ceb429664705 ==============================
[0m18:29:08.124495 [info ] [MainThread]: Running with dbt=1.9.6
[0m18:29:08.140842 [debug] [MainThread]: running dbt with arguments {'printer_width': '80', 'indirect_selection': 'eager', 'log_cache_events': 'False', 'write_json': 'True', 'partial_parse': 'True', 'cache_selected_only': 'False', 'warn_error': 'None', 'debug': 'False', 'version_check': 'True', 'log_path': 'logs', 'fail_fast': 'False', 'profiles_dir': 'C:\\Users\\Talha Zafar\\.dbt', 'use_colors': 'True', 'use_experimental_parser': 'False', 'no_print': 'None', 'quiet': 'False', 'empty': 'None', 'log_format': 'default', 'static_parser': 'True', 'invocation_command': 'dbt debug', 'introspect': 'True', 'target_path': 'None', 'warn_error_options': 'WarnErrorOptions(include=[], exclude=[])', 'send_anonymous_usage_stats': 'True'}
[0m18:29:08.201841 [info ] [MainThread]: dbt version: 1.9.6
[0m18:29:08.201841 [info ] [MainThread]: python version: 3.12.7
[0m18:29:08.217469 [info ] [MainThread]: python path: D:\Softwares\Anaconda\python.exe
[0m18:29:08.217469 [info ] [MainThread]: os info: Windows-10-10.0.19045-SP0
[0m18:29:08.419650 [info ] [MainThread]: Using profiles dir at C:\Users\Talha Zafar\.dbt
[0m18:29:08.435260 [info ] [MainThread]: Using profiles.yml file at C:\Users\Talha Zafar\.dbt\profiles.yml
[0m18:29:08.435260 [info ] [MainThread]: Using dbt_project.yml file at E:\D\Courses\Data\SQL\BIG-DATA-Training\BIG-DATA-Training\dbt\ecommerce-dbt\dbt_project.yml
[0m18:29:08.435260 [info ] [MainThread]: adapter type: postgres
[0m18:29:08.435260 [info ] [MainThread]: adapter version: 1.9.0
[0m18:29:08.435260 [info ] [MainThread]: Configuration:
[0m18:29:08.435260 [info ] [MainThread]:   profiles.yml file [[32mOK found and valid[0m]
[0m18:29:08.450891 [info ] [MainThread]:   dbt_project.yml file [[31mERROR not found[0m]
[0m18:29:08.450891 [info ] [MainThread]: Required dependencies:
[0m18:29:08.450891 [debug] [MainThread]: Executing "git --help"
[0m18:29:08.603186 [debug] [MainThread]: STDOUT: "b"usage: git [-v | --version] [-h | --help] [-C <path>] [-c <name>=<value>]\n           [--exec-path[=<path>]] [--html-path] [--man-path] [--info-path]\n           [-p | --paginate | -P | --no-pager] [--no-replace-objects] [--no-lazy-fetch]\n           [--no-optional-locks] [--no-advice] [--bare] [--git-dir=<path>]\n           [--work-tree=<path>] [--namespace=<name>] [--config-env=<name>=<envvar>]\n           <command> [<args>]\n\nThese are common Git commands used in various situations:\n\nstart a working area (see also: git help tutorial)\n   clone      Clone a repository into a new directory\n   init       Create an empty Git repository or reinitialize an existing one\n\nwork on the current change (see also: git help everyday)\n   add        Add file contents to the index\n   mv         Move or rename a file, a directory, or a symlink\n   restore    Restore working tree files\n   rm         Remove files from the working tree and from the index\n\nexamine the history and state (see also: git help revisions)\n   bisect     Use binary search to find the commit that introduced a bug\n   diff       Show changes between commits, commit and working tree, etc\n   grep       Print lines matching a pattern\n   log        Show commit logs\n   show       Show various types of objects\n   status     Show the working tree status\n\ngrow, mark and tweak your common history\n   backfill   Download missing objects in a partial clone\n   branch     List, create, or delete branches\n   commit     Record changes to the repository\n   merge      Join two or more development histories together\n   rebase     Reapply commits on top of another base tip\n   reset      Reset current HEAD to the specified state\n   switch     Switch branches\n   tag        Create, list, delete or verify a tag object signed with GPG\n\ncollaborate (see also: git help workflows)\n   fetch      Download objects and refs from another repository\n   pull       Fetch from and integrate with another repository or a local branch\n   push       Update remote refs along with associated objects\n\n'git help -a' and 'git help -g' list available subcommands and some\nconcept guides. See 'git help <command>' or 'git help <concept>'\nto read about a specific subcommand or concept.\nSee 'git help git' for an overview of the system.\n""
[0m18:29:08.603186 [debug] [MainThread]: STDERR: "b''"
[0m18:29:08.603186 [info ] [MainThread]:  - git [[32mOK found[0m]

[0m18:29:08.618804 [info ] [MainThread]: Connection:
[0m18:29:08.618804 [info ] [MainThread]:   host: localhost
[0m18:29:08.618804 [info ] [MainThread]:   port: 5000
[0m18:29:08.618804 [info ] [MainThread]:   user: db_user
[0m18:29:08.634491 [info ] [MainThread]:   database: db
[0m18:29:08.634491 [info ] [MainThread]:   schema: analytics
[0m18:29:08.634491 [info ] [MainThread]:   connect_timeout: 10
[0m18:29:08.634491 [info ] [MainThread]:   role: None
[0m18:29:08.634491 [info ] [MainThread]:   search_path: None
[0m18:29:08.634491 [info ] [MainThread]:   keepalives_idle: 0
[0m18:29:08.650058 [info ] [MainThread]:   sslmode: None
[0m18:29:08.650058 [info ] [MainThread]:   sslcert: None
[0m18:29:08.650058 [info ] [MainThread]:   sslkey: None
[0m18:29:08.650058 [info ] [MainThread]:   sslrootcert: None
[0m18:29:08.666454 [info ] [MainThread]:   application_name: dbt
[0m18:29:08.666454 [info ] [MainThread]:   retries: 1
[0m18:29:08.666454 [info ] [MainThread]: Registered adapter: postgres=1.9.0
[0m18:29:09.359578 [debug] [MainThread]: Acquiring new postgres connection 'debug'
[0m18:29:18.738818 [debug] [MainThread]: Using postgres connection "debug"
[0m18:29:18.743996 [debug] [MainThread]: On debug: select 1 as id
[0m18:29:18.743996 [debug] [MainThread]: Opening a new connection, currently in state init
[0m18:29:18.920266 [debug] [MainThread]: SQL status: SELECT 1 in 0.171 seconds
[0m18:29:18.924682 [debug] [MainThread]: On debug: Close
[0m18:29:18.926392 [info ] [MainThread]:   Connection test: [[32mOK connection ok[0m]

[0m18:29:18.929643 [info ] [MainThread]: [31m1 check failed:[0m
[0m18:29:18.929643 [info ] [MainThread]: Project loading failed for the following reason:
 project path <E:\D\Courses\Data\SQL\BIG-DATA-Training\BIG-DATA-Training\dbt\ecommerce-dbt\dbt_project.yml> not found

[0m18:29:18.940636 [debug] [MainThread]: Command `dbt debug` failed at 18:29:18.939625 after 11.29 seconds
[0m18:29:18.942636 [debug] [MainThread]: Connection 'debug' was properly closed.
[0m18:29:18.943638 [debug] [MainThread]: Sending event: {'category': 'dbt', 'action': 'invocation', 'label': 'end', 'context': [<snowplow_tracker.self_describing_json.SelfDescribingJson object at 0x0000017F3B635CA0>, <snowplow_tracker.self_describing_json.SelfDescribingJson object at 0x0000017F384C86E0>, <snowplow_tracker.self_describing_json.SelfDescribingJson object at 0x0000017F3B71FFB0>]}
[0m18:29:18.944638 [debug] [MainThread]: Flushing usage events
[0m18:29:19.406439 [debug] [MainThread]: An error was encountered while trying to flush usage events
